<!DOCTYPE html PUBLIC "-//W3C//DTD XHTML 1.0 Transitional//EN"
"http://www.w3.org/TR/xhtml1/DTD/xhtml1-transitional.dtd">
<html lang="en-GB" xml:lang="en-GB" xmlns="http://www.w3.org/1999/xhtml">
  <head>
    <meta http-equiv="content-type" content="text/html; charset=utf-8"/>
    <title>Universal Dependencies --- validation runs prior to the v1.2 release</title>
    <link rel="root" href=""/> <!-- for JS -->
    <link rel="stylesheet" href="https://maxcdn.bootstrapcdn.com/font-awesome/4.4.0/css/font-awesome.min.css">
    <link rel="stylesheet" type="text/css" href="css/jquery-ui-redmond.css"/>
    <link rel="stylesheet" type="text/css" href="css/style.css"/>
    <link rel="stylesheet" type="text/css" href="css/style-vis.css"/>
    <link rel="stylesheet" type="text/css" href="css/hint.css"/>
    <script type="text/javascript" src="lib/ext/head.load.min.js"></script>
<!--     <link rel="shortcut icon" href="favicon.ico"/> -->


  </head>
  <body>
    <div id="main" class="center">

      <div id="hp-header">
	
          <span class="header-text"><a href="http://universaldependencies.github.io/docs/#language-">home</a></span>

          <span class="header-text"><a href="https://github.com/universaldependencies/docs/edit/pages-source/validation.md" target="#">edit page</a></span>
          <span class="header-text"><a href="https://github.com/universaldependencies/docs/issues">issue tracker</a></span>
      </div>

      <hr/>

      <div id="content">
	<noscript>
	  <div id="noscript">
	    It appears that you have Javascript disabled.
	    Please consider enabling Javascript for this page to see the visualizations.
	  </div>
	</noscript>

          <h1 id="validation-status-as-of-mon-26-oct-2015-042758-0200">Validation status as of Mon, 26 Oct 2015 04:27:58 +0200</h1>

<p>This page is automatically generated and contains validation runs for
the data of all languages which have been marked for the November 2015
release. This page is updated every few hours.</p>

<p>If you donâ€™t see your language on this list:</p>

<ul>
  <li>If you <em>can</em> see it on the <a href="http://universaldependencies.github.io/docs/">main page</a>, then it means that your readme file does not indicate the language should be included in the v1.2 release. All you need to do is to edit the readme following <a href="http://universaldependencies.github.io/docs/language_metadata.html">these instructions</a></li>
  <li>If you <em>cannot</em> see it on the main page, email ginter@cs.utu.fi</li>
</ul>

<h1 id="ud-validation-results">UD Validation results</h1>

<div id="accordion" class="jquery-ui-accordion">
<!-- content of _includes/at_glance.html -->
<!-- do NOT edit by hand, that file is autogenerated using gen_index/index_page.py -->
<div>
<span class="doublewidespan" style="padding-left:3em">Ancient Greek</span>
<span class="widespan">grc</span>
<span class="validationpass">PASS</span>
</div>
<div>
<pre>
python /home/ginter/UD/tools/validate.py --lang grc /home/ginter/UD/UD_Ancient_Greek/grc-ud-dev.conllu

*** PASSED ***


******************

python /home/ginter/UD/tools/validate.py --lang grc /home/ginter/UD/UD_Ancient_Greek/grc-ud-test.conllu

*** PASSED ***


******************

python /home/ginter/UD/tools/validate.py --lang grc /home/ginter/UD/UD_Ancient_Greek/grc-ud-train.conllu

*** PASSED ***


******************


</pre>
</div>
<div>
<span class="doublewidespan" style="padding-left:3em">Ancient Greek-PROIEL</span>
<span class="widespan">grc proiel</span>
<span class="validationpass">PASS</span>
</div>
<div>
<pre>
python /home/ginter/UD/tools/validate.py --lang grc_proiel /home/ginter/UD/UD_Ancient_Greek-PROIEL/grc_proiel-ud-dev.conllu

*** PASSED ***


******************

python /home/ginter/UD/tools/validate.py --lang grc_proiel /home/ginter/UD/UD_Ancient_Greek-PROIEL/grc_proiel-ud-test.conllu

*** PASSED ***


******************

python /home/ginter/UD/tools/validate.py --lang grc_proiel /home/ginter/UD/UD_Ancient_Greek-PROIEL/grc_proiel-ud-train.conllu

*** PASSED ***


******************


</pre>
</div>
<div>
<span class="doublewidespan" style="padding-left:3em">Arabic</span>
<span class="widespan">ar</span>
<span class="validationpass">PASS</span>
</div>
<div>
<pre>
python /home/ginter/UD/tools/validate.py --lang ar /home/ginter/UD/UD_Arabic/ar-ud-dev.conllu

*** PASSED ***


******************

python /home/ginter/UD/tools/validate.py --lang ar /home/ginter/UD/UD_Arabic/ar-ud-test.conllu

*** PASSED ***


******************

python /home/ginter/UD/tools/validate.py --lang ar /home/ginter/UD/UD_Arabic/ar-ud-train.conllu

*** PASSED ***


******************


</pre>
</div>
<div>
<span class="doublewidespan" style="padding-left:3em">Basque</span>
<span class="widespan">eu</span>
<span class="validationpass">PASS</span>
</div>
<div>
<pre>
python /home/ginter/UD/tools/validate.py --lang eu /home/ginter/UD/UD_Basque/eu-ud-dev.conllu

*** PASSED ***


******************

python /home/ginter/UD/tools/validate.py --lang eu /home/ginter/UD/UD_Basque/eu-ud-test.conllu

*** PASSED ***


******************

python /home/ginter/UD/tools/validate.py --lang eu /home/ginter/UD/UD_Basque/eu-ud-train.conllu

*** PASSED ***


******************


</pre>
</div>
<div>
<span class="doublewidespan" style="padding-left:3em">Bulgarian</span>
<span class="widespan">bg</span>
<span class="validationpass">PASS</span>
</div>
<div>
<pre>
python /home/ginter/UD/tools/validate.py --lang bg /home/ginter/UD/UD_Bulgarian/bg-ud-dev.conllu

*** PASSED ***


******************

python /home/ginter/UD/tools/validate.py --lang bg /home/ginter/UD/UD_Bulgarian/bg-ud-test.conllu

*** PASSED ***


******************

python /home/ginter/UD/tools/validate.py --lang bg /home/ginter/UD/UD_Bulgarian/bg-ud-train.conllu

*** PASSED ***


******************


</pre>
</div>
<div>
<span class="doublewidespan" style="padding-left:3em">Croatian</span>
<span class="widespan">hr</span>
<span class="validationpass">PASS</span>
</div>
<div>
<pre>
python /home/ginter/UD/tools/validate.py --lang hr /home/ginter/UD/UD_Croatian/hr-ud-dev.conllu

*** PASSED ***


******************

python /home/ginter/UD/tools/validate.py --lang hr /home/ginter/UD/UD_Croatian/hr-ud-test.conllu

*** PASSED ***


******************

python /home/ginter/UD/tools/validate.py --lang hr /home/ginter/UD/UD_Croatian/hr-ud-train.conllu

*** PASSED ***


******************


</pre>
</div>
<div>
<span class="doublewidespan" style="padding-left:3em">Czech</span>
<span class="widespan">cs</span>
<span class="validationpass">PASS</span>
</div>
<div>
<pre>
python /home/ginter/UD/tools/validate.py --lang cs /home/ginter/UD/UD_Czech/cs-ud-dev.conllu

*** PASSED ***


******************

python /home/ginter/UD/tools/validate.py --lang cs /home/ginter/UD/UD_Czech/cs-ud-test.conllu

*** PASSED ***


******************

python /home/ginter/UD/tools/validate.py --lang cs /home/ginter/UD/UD_Czech/cs-ud-train-c.conllu

*** PASSED ***


******************

python /home/ginter/UD/tools/validate.py --lang cs /home/ginter/UD/UD_Czech/cs-ud-train-l.conllu

*** PASSED ***


******************

python /home/ginter/UD/tools/validate.py --lang cs /home/ginter/UD/UD_Czech/cs-ud-train-m.conllu

*** PASSED ***


******************

python /home/ginter/UD/tools/validate.py --lang cs /home/ginter/UD/UD_Czech/cs-ud-train-v.conllu

*** PASSED ***


******************


</pre>
</div>
<div>
<span class="doublewidespan" style="padding-left:3em">Danish</span>
<span class="widespan">da</span>
<span class="validationpass">PASS</span>
</div>
<div>
<pre>
python /home/ginter/UD/tools/validate.py --lang da /home/ginter/UD/UD_Danish/da-ud-dev.conllu

*** PASSED ***


******************

python /home/ginter/UD/tools/validate.py --lang da /home/ginter/UD/UD_Danish/da-ud-test.conllu

*** PASSED ***


******************

python /home/ginter/UD/tools/validate.py --lang da /home/ginter/UD/UD_Danish/da-ud-train.conllu

*** PASSED ***


******************


</pre>
</div>
<div>
<span class="doublewidespan" style="padding-left:3em">Dutch</span>
<span class="widespan">nl</span>
<span class="validationpass">PASS</span>
</div>
<div>
<pre>
python /home/ginter/UD/tools/validate.py --lang nl /home/ginter/UD/UD_Dutch/nl-ud-dev.conllu

*** PASSED ***


******************

python /home/ginter/UD/tools/validate.py --lang nl /home/ginter/UD/UD_Dutch/nl-ud-test.conllu

*** PASSED ***


******************

python /home/ginter/UD/tools/validate.py --lang nl /home/ginter/UD/UD_Dutch/nl-ud-train.conllu

*** PASSED ***


******************


</pre>
</div>
<div>
<span class="doublewidespan" style="padding-left:3em">English</span>
<span class="widespan">en</span>
<span class="validationfail">FAIL</span>
</div>
<div>
<pre>
python /home/ginter/UD/tools/validate.py --lang en /home/ginter/UD/UD_English/en-ud-dev.conllu

[Line                   1452]: Unknown UD DEPREL: conj:preconj
[Line                   1954]: Unknown UD DEPREL: conj:preconj
[Line                   2284]: Unknown UD DEPREL: conj:preconj
[Line                   4080]: Unknown UD DEPREL: conj:preconj
[Line                   4677]: Unknown UD DEPREL: conj:preconj
[Line                   7541]: Unknown UD DEPREL: conj:preconj
[Line                   9720]: Unknown UD DEPREL: conj:preconj
[Line                   9894]: Unknown UD DEPREL: conj:preconj
[Line                   14490]: Unknown UD DEPREL: conj:preconj
[Line                   14742]: Unknown UD DEPREL: conj:preconj
[Line                   22865]: Unknown UD DEPREL: conj:preconj
[Line                   25739]: Unknown UD DEPREL: conj:preconj
[Line                   26383]: Unknown UD DEPREL: conj:preconj
[Line                   26875]: Unknown UD DEPREL: conj:preconj
*** FAILED *** with 14 errors
Syntax errors: 14


******************

python /home/ginter/UD/tools/validate.py --lang en /home/ginter/UD/UD_English/en-ud-test.conllu

[Line                   831]: Unknown UD DEPREL: conj:preconj
[Line                   1241]: Unknown UD DEPREL: conj:preconj
[Line                   8826]: Unknown UD DEPREL: conj:preconj
[Line                   11948]: Unknown UD DEPREL: conj:preconj
[Line                   12425]: Unknown UD DEPREL: conj:preconj
[Line                   12754]: Unknown UD DEPREL: conj:preconj
[Line                   12942]: Unknown UD DEPREL: conj:preconj
[Line                   14820]: Unknown UD DEPREL: conj:preconj
[Line                   26529]: Unknown UD DEPREL: conj:preconj
*** FAILED *** with 9 errors
Syntax errors: 9


******************

python /home/ginter/UD/tools/validate.py --lang en /home/ginter/UD/UD_English/en-ud-train.conllu

[Line                   5839]: Unknown UD DEPREL: conj:preconj
[Line                   6174]: Unknown UD DEPREL: conj:preconj
[Line                   6924]: Unknown UD DEPREL: conj:preconj
[Line                   8209]: Unknown UD DEPREL: conj:preconj
[Line                   12192]: Unknown UD DEPREL: conj:preconj
[Line                   15053]: Unknown UD DEPREL: conj:preconj
[Line                   15851]: Unknown UD DEPREL: conj:preconj
[Line                   16024]: Unknown UD DEPREL: conj:preconj
[Line                   16243]: Unknown UD DEPREL: conj:preconj
[Line                   16469]: Unknown UD DEPREL: conj:preconj
[Line                   16742]: Unknown UD DEPREL: conj:preconj
[Line                   16758]: Unknown UD DEPREL: conj:preconj
[Line                   17256]: Unknown UD DEPREL: conj:preconj
[Line                   25317]: Unknown UD DEPREL: conj:preconj
[Line                   25665]: Unknown UD DEPREL: conj:preconj
[Line                   27722]: Unknown UD DEPREL: conj:preconj
[Line                   29627]: Unknown UD DEPREL: conj:preconj
[Line                   29727]: Unknown UD DEPREL: conj:preconj
[Line                   30636]: Unknown UD DEPREL: conj:preconj
...suppressing further errors regarding Syntax
*** FAILED *** with 102 errors
Syntax errors: 102


******************


</pre>
</div>
<div>
<span class="doublewidespan" style="padding-left:3em">Estonian</span>
<span class="widespan">et</span>
<span class="validationpass">PASS</span>
</div>
<div>
<pre>
python /home/ginter/UD/tools/validate.py --lang et /home/ginter/UD/UD_Estonian/et-ud-dev.conllu

*** PASSED ***


******************

python /home/ginter/UD/tools/validate.py --lang et /home/ginter/UD/UD_Estonian/et-ud-test.conllu

*** PASSED ***


******************

python /home/ginter/UD/tools/validate.py --lang et /home/ginter/UD/UD_Estonian/et-ud-train.conllu

*** PASSED ***


******************


</pre>
</div>
<div>
<span class="doublewidespan" style="padding-left:3em">Finnish</span>
<span class="widespan">fi</span>
<span class="validationfail">FAIL</span>
</div>
<div>
<pre>
python /home/ginter/UD/tools/validate.py --lang fi /home/ginter/UD/UD_Finnish/fi-ud-dev.conllu

[Line                   159]: Unknown attribute-value pair Negative=Yes
[Line                   171]: Unknown attribute-value pair Negative=Yes
[Line                   227]: Unknown attribute-value pair Negative=Yes
[Line                   261]: Unknown attribute-value pair Negative=Yes
[Line                   416]: Unknown attribute-value pair Negative=Yes
[Line                   469]: Unknown attribute-value pair Negative=Yes
[Line                   512]: Unknown attribute-value pair Negative=Yes
[Line                   901]: Unknown attribute-value pair Negative=Yes
[Line                   922]: Unknown attribute-value pair Negative=Yes
[Line                   1008]: Unknown attribute-value pair Negative=Yes
[Line                   1022]: Unknown attribute-value pair Negative=Yes
[Line                   1050]: Unknown attribute-value pair Negative=Yes
[Line                   1079]: Unknown attribute-value pair Negative=Yes
[Line                   1137]: Unknown attribute-value pair Negative=Yes
[Line                   1285]: Unknown attribute-value pair Negative=Yes
[Line                   1308]: Unknown attribute-value pair Negative=Yes
[Line                   1330]: Unknown attribute-value pair Negative=Yes
[Line                   1335]: Unknown attribute-value pair Negative=Yes
[Line                   1382]: Unknown attribute-value pair Negative=Yes
...suppressing further errors regarding Morpho
*** FAILED *** with 123 errors
Morpho errors: 123


******************

python /home/ginter/UD/tools/validate.py --lang fi /home/ginter/UD/UD_Finnish/fi-ud-test.conllu

[Line                   31]: Unknown attribute-value pair Negative=Yes
[Line                   63]: Unknown attribute-value pair Negative=Yes
[Line                   68]: Unknown attribute-value pair Negative=Yes
[Line                   71]: Unknown attribute-value pair Negative=Yes
[Line                   77]: Unknown attribute-value pair Negative=Yes
[Line                   121]: Unknown attribute-value pair Negative=Yes
[Line                   141]: Unknown attribute-value pair Negative=Yes
[Line                   173]: Unknown attribute-value pair Negative=Yes
[Line                   176]: Unknown attribute-value pair Negative=Yes
[Line                   308]: Unknown attribute-value pair Negative=Yes
[Line                   330]: Unknown attribute-value pair Negative=Yes
[Line                   365]: Unknown attribute-value pair Negative=Yes
[Line                   420]: Unknown attribute-value pair Negative=Yes
[Line                   440]: Unknown attribute-value pair Negative=Yes
[Line                   444]: Unknown attribute-value pair Negative=Yes
[Line                   491]: Unknown attribute-value pair Negative=Yes
[Line                   603]: Unknown attribute-value pair Negative=Yes
[Line                   651]: Unknown attribute-value pair Negative=Yes
[Line                   709]: Unknown attribute-value pair Negative=Yes
...suppressing further errors regarding Morpho
*** FAILED *** with 107 errors
Morpho errors: 107


******************

python /home/ginter/UD/tools/validate.py --lang fi /home/ginter/UD/UD_Finnish/fi-ud-train.conllu

[Line                   96]: Unknown attribute-value pair Negative=Yes
[Line                   185]: Unknown attribute-value pair Negative=Yes
[Line                   420]: Unknown attribute-value pair Negative=Yes
[Line                   434]: Unknown attribute-value pair Negative=Yes
[Line                   715]: Unknown attribute-value pair Negative=Yes
[Line                   730]: Unknown attribute-value pair Negative=Yes
[Line                   844]: Unknown attribute-value pair Negative=Yes
[Line                   1130]: Unknown attribute-value pair Negative=Yes
[Line                   1225]: Unknown attribute-value pair Negative=Yes
[Line                   1236]: Unknown attribute-value pair Negative=Yes
[Line                   1240]: Unknown attribute-value pair Negative=Yes
[Line                   1275]: Unknown attribute-value pair Negative=Yes
[Line                   1306]: Unknown attribute-value pair Negative=Yes
[Line                   1341]: Unknown attribute-value pair Negative=Yes
[Line                   1368]: Unknown attribute-value pair Negative=Yes
[Line                   1391]: Unknown attribute-value pair Negative=Yes
[Line                   1425]: Unknown attribute-value pair Negative=Yes
[Line                   1445]: Unknown attribute-value pair Negative=Yes
[Line                   1668]: Unknown attribute-value pair Negative=Yes
...suppressing further errors regarding Morpho
*** FAILED *** with 1994 errors
Morpho errors: 1994


******************


</pre>
</div>
<div>
<span class="doublewidespan" style="padding-left:3em">Finnish-FTB</span>
<span class="widespan">fi ftb</span>
<span class="validationfail">FAIL</span>
</div>
<div>
<pre>
python /home/ginter/UD/tools/validate.py --lang fi_ftb /home/ginter/UD/UD_Finnish-FTB/fi_ftb-ud-dev.conllu

[Line                   17]: Unknown attribute-value pair Negative=Yes
[Line                   29]: Unknown attribute-value pair Negative=Yes
[Line                   49]: Unknown attribute-value pair Negative=Yes
[Line                   57]: Unknown attribute-value pair Negative=Yes
[Line                   83]: Unknown attribute-value pair Negative=Yes
[Line                   244]: Unknown attribute-value pair Negative=Yes
[Line                   252]: Unknown attribute-value pair Negative=Yes
[Line                   257]: Unknown attribute-value pair Negative=Yes
[Line                   261]: Unknown attribute-value pair Negative=Yes
[Line                   281]: Unknown attribute-value pair Negative=Yes
[Line                   285]: Unknown attribute-value pair Negative=Yes
[Line                   290]: Unknown attribute-value pair Negative=Yes
[Line                   295]: Unknown attribute-value pair Negative=Yes
[Line                   299]: Unknown attribute-value pair Negative=Yes
[Line                   303]: Unknown attribute-value pair Negative=Yes
[Line                   307]: Unknown attribute-value pair Negative=Yes
[Line                   311]: Unknown attribute-value pair Negative=Yes
[Line                   315]: Unknown attribute-value pair Negative=Yes
[Line                   319]: Unknown attribute-value pair Negative=Yes
...suppressing further errors regarding Morpho
*** FAILED *** with 661 errors
Morpho errors: 661


******************

python /home/ginter/UD/tools/validate.py --lang fi_ftb /home/ginter/UD/UD_Finnish-FTB/fi_ftb-ud-test.conllu

[Line                   23]: Unknown attribute-value pair Negative=Yes
[Line                   58]: Unknown attribute-value pair Negative=Yes
[Line                   189]: Unknown attribute-value pair Negative=Yes
[Line                   211]: Unknown attribute-value pair Negative=Yes
[Line                   219]: Unknown attribute-value pair Negative=Yes
[Line                   228]: Unknown attribute-value pair Negative=Yes
[Line                   248]: Unknown attribute-value pair Negative=Yes
[Line                   252]: Unknown attribute-value pair Negative=Yes
[Line                   257]: Unknown attribute-value pair Negative=Yes
[Line                   261]: Unknown attribute-value pair Negative=Yes
[Line                   265]: Unknown attribute-value pair Negative=Yes
[Line                   269]: Unknown attribute-value pair Negative=Yes
[Line                   273]: Unknown attribute-value pair Negative=Yes
[Line                   277]: Unknown attribute-value pair Negative=Yes
[Line                   281]: Unknown attribute-value pair Negative=Yes
[Line                   285]: Unknown attribute-value pair Negative=Yes
[Line                   289]: Unknown attribute-value pair Negative=Yes
[Line                   293]: Unknown attribute-value pair Negative=Yes
[Line                   297]: Unknown attribute-value pair Negative=Yes
...suppressing further errors regarding Morpho
*** FAILED *** with 650 errors
Morpho errors: 650


******************

python /home/ginter/UD/tools/validate.py --lang fi_ftb /home/ginter/UD/UD_Finnish-FTB/fi_ftb-ud-train.conllu

[Line                   21]: Unknown attribute-value pair Negative=Yes
[Line                   29]: Unknown attribute-value pair Negative=Yes
[Line                   41]: Unknown attribute-value pair Negative=Yes
[Line                   58]: Unknown attribute-value pair Negative=Yes
[Line                   71]: Unknown attribute-value pair Negative=Yes
[Line                   92]: Unknown attribute-value pair Negative=Yes
[Line                   238]: Unknown attribute-value pair Negative=Yes
[Line                   315]: Unknown attribute-value pair Negative=Yes
[Line                   381]: Unknown attribute-value pair Negative=Yes
[Line                   398]: Unknown attribute-value pair Negative=Yes
[Line                   559]: Unknown attribute-value pair Negative=Yes
[Line                   638]: Unknown attribute-value pair Negative=Yes
[Line                   641]: Unknown attribute-value pair Negative=Yes
[Line                   685]: Unknown attribute-value pair Negative=Yes
[Line                   689]: Unknown attribute-value pair Negative=Yes
[Line                   701]: Unknown attribute-value pair Negative=Yes
[Line                   706]: Unknown attribute-value pair Negative=Yes
[Line                   711]: Unknown attribute-value pair Negative=Yes
[Line                   715]: Unknown attribute-value pair Negative=Yes
...suppressing further errors regarding Morpho
*** FAILED *** with 1922 errors
Morpho errors: 1922


******************


</pre>
</div>
<div>
<span class="doublewidespan" style="padding-left:3em">French</span>
<span class="widespan">fr</span>
<span class="validationpass">PASS</span>
</div>
<div>
<pre>
python /home/ginter/UD/tools/validate.py --lang fr /home/ginter/UD/UD_French/fr-ud-dev.conllu

*** PASSED ***


******************

python /home/ginter/UD/tools/validate.py --lang fr /home/ginter/UD/UD_French/fr-ud-test.conllu

*** PASSED ***


******************

python /home/ginter/UD/tools/validate.py --lang fr /home/ginter/UD/UD_French/fr-ud-train.conllu

*** PASSED ***


******************


</pre>
</div>
<div>
<span class="doublewidespan" style="padding-left:3em">German</span>
<span class="widespan">de</span>
<span class="validationpass">PASS</span>
</div>
<div>
<pre>
python /home/ginter/UD/tools/validate.py --lang de /home/ginter/UD/UD_German/de-ud-dev.conllu

*** PASSED ***


******************

python /home/ginter/UD/tools/validate.py --lang de /home/ginter/UD/UD_German/de-ud-test.conllu

*** PASSED ***


******************

python /home/ginter/UD/tools/validate.py --lang de /home/ginter/UD/UD_German/de-ud-train.conllu

*** PASSED ***


******************


</pre>
</div>
<div>
<span class="doublewidespan" style="padding-left:3em">Gothic</span>
<span class="widespan">got</span>
<span class="validationpass">PASS</span>
</div>
<div>
<pre>
python /home/ginter/UD/tools/validate.py --lang got /home/ginter/UD/UD_Gothic/got-ud-dev.conllu

*** PASSED ***


******************

python /home/ginter/UD/tools/validate.py --lang got /home/ginter/UD/UD_Gothic/got-ud-test.conllu

*** PASSED ***


******************

python /home/ginter/UD/tools/validate.py --lang got /home/ginter/UD/UD_Gothic/got-ud-train.conllu

*** PASSED ***


******************


</pre>
</div>
<div>
<span class="doublewidespan" style="padding-left:3em">Greek</span>
<span class="widespan">el</span>
<span class="validationfail">FAIL</span>
</div>
<div>
<pre>
python /home/ginter/UD/tools/validate.py --lang el /home/ginter/UD/UD_Greek/el-ud-dev.conllu

[Line                   206]: Unknown attribute-value pair Degree=Comp
[Line                   288]: Unknown attribute-value pair Degree=Comp
[Line                   348]: Unknown attribute-value pair Degree=Comp
[Line                   531]: Unknown attribute-value pair Degree=Comp
[Line                   704]: Unknown attribute-value pair Degree=Comp
[Line                   900]: Unknown attribute-value pair Degree=Comp
[Line                   1363]: Unknown attribute-value pair Degree=Comp
[Line                   1674]: Unknown attribute-value pair Degree=Comp
[Line                   2032]: Unknown attribute-value pair Degree=Comp
[Line                   2164]: Unknown attribute-value pair Degree=Comp
[Line                   2195]: Unknown attribute-value pair Degree=Comp
[Line                   2400]: Unknown attribute-value pair Degree=Comp
[Line                   3013]: Unknown attribute-value pair Degree=Comp
[Line                   3063]: Unknown attribute-value pair Degree=Comp
[Line                   3242]: Unknown attribute-value pair Degree=Comp
[Line                   3363]: Unknown attribute-value pair Degree=Comp
[Line                   3663]: Unknown attribute-value pair Degree=Comp
[Line                   4309]: Unknown attribute-value pair Degree=Comp
[Line                   4372]: Unknown attribute-value pair Degree=Comp
...suppressing further errors regarding Morpho
*** FAILED *** with 30 errors
Morpho errors: 30


******************

python /home/ginter/UD/tools/validate.py --lang el /home/ginter/UD/UD_Greek/el-ud-test.conllu

[Line                   257]: Unknown attribute-value pair Degree=Comp
[Line                   296]: Unknown attribute-value pair Degree=Comp
[Line                   456]: Unknown attribute-value pair Degree=Comp
[Line                   1087]: Unknown attribute-value pair Degree=Comp
[Line                   1278]: Unknown attribute-value pair Degree=Comp
[Line                   1335]: Unknown attribute-value pair Degree=Comp
[Line                   1521]: Unknown attribute-value pair Degree=Comp
[Line                   1539]: Unknown attribute-value pair Degree=Comp
[Line                   2225]: Unknown attribute-value pair Degree=Comp
[Line                   2246]: Unknown attribute-value pair Degree=Comp
[Line                   2749]: Unknown attribute-value pair Degree=Comp
[Line                   2754]: Unknown attribute-value pair Degree=Comp
[Line                   2952]: Unknown attribute-value pair Degree=Comp
[Line                   3207]: Unknown attribute-value pair Degree=Comp
[Line                   3225]: Unknown attribute-value pair Degree=Comp
[Line                   3366]: Unknown attribute-value pair Degree=Comp
[Line                   3597]: Unknown attribute-value pair Degree=Comp
[Line                   3670]: Unknown attribute-value pair Degree=Comp
[Line                   3970]: Unknown attribute-value pair Degree=Comp
...suppressing further errors regarding Morpho
*** FAILED *** with 25 errors
Morpho errors: 25


******************

python /home/ginter/UD/tools/validate.py --lang el /home/ginter/UD/UD_Greek/el-ud-train.conllu

[Line                   68]: Unknown attribute-value pair Degree=Comp
[Line                   179]: Unknown attribute-value pair Degree=Comp
[Line                   362]: Unknown attribute-value pair Degree=Comp
[Line                   443]: Unknown attribute-value pair Degree=Comp
[Line                   555]: Unknown attribute-value pair Degree=Comp
[Line                   840]: Unknown attribute-value pair Degree=Comp
[Line                   864]: Unknown attribute-value pair Degree=Comp
[Line                   1519]: Unknown attribute-value pair Degree=Comp
[Line                   2063]: Unknown attribute-value pair Degree=Comp
[Line                   2068]: Unknown attribute-value pair Degree=Comp
[Line                   2247]: Unknown attribute-value pair Degree=Comp
[Line                   2341]: Unknown attribute-value pair Degree=Comp
[Line                   3425]: Unknown attribute-value pair Degree=Comp
[Line                   3635]: Unknown attribute-value pair Degree=Comp
[Line                   3718]: Unknown attribute-value pair Degree=Comp
[Line                   4105]: Unknown attribute-value pair Degree=Comp
[Line                   5200]: Unknown attribute-value pair Degree=Comp
[Line                   5210]: Unknown attribute-value pair Degree=Comp
[Line                   5276]: Unknown attribute-value pair Degree=Comp
...suppressing further errors regarding Morpho
*** FAILED *** with 196 errors
Morpho errors: 196


******************


</pre>
</div>
<div>
<span class="doublewidespan" style="padding-left:3em">Hebrew</span>
<span class="widespan">he</span>
<span class="validationpass">PASS</span>
</div>
<div>
<pre>
python /home/ginter/UD/tools/validate.py --lang he /home/ginter/UD/UD_Hebrew/he-ud-dev.conllu

*** PASSED ***


******************

python /home/ginter/UD/tools/validate.py --lang he /home/ginter/UD/UD_Hebrew/he-ud-test.conllu

*** PASSED ***


******************

python /home/ginter/UD/tools/validate.py --lang he /home/ginter/UD/UD_Hebrew/he-ud-train.conllu

*** PASSED ***


******************


</pre>
</div>
<div>
<span class="doublewidespan" style="padding-left:3em">Hindi</span>
<span class="widespan">hi</span>
<span class="validationpass">PASS</span>
</div>
<div>
<pre>
python /home/ginter/UD/tools/validate.py --lang hi /home/ginter/UD/UD_Hindi/hi-ud-dev.conllu

*** PASSED ***


******************

python /home/ginter/UD/tools/validate.py --lang hi /home/ginter/UD/UD_Hindi/hi-ud-test.conllu

*** PASSED ***


******************

python /home/ginter/UD/tools/validate.py --lang hi /home/ginter/UD/UD_Hindi/hi-ud-train.conllu

*** PASSED ***


******************


</pre>
</div>
<div>
<span class="doublewidespan" style="padding-left:3em">Hungarian</span>
<span class="widespan">hu</span>
<span class="validationfail">FAIL</span>
</div>
<div>
<pre>
python /home/ginter/UD/tools/validate.py --lang hu /home/ginter/UD/UD_Hungarian/hu-ud-dev.conllu

[Line                   3]: Unknown attribute-value pair Aspect=None
[Line                   4]: Unknown attribute-value pair PronType=Default
[Line                   5]: Unknown attribute-value pair Degree=None
[Line                   5]: Unknown attribute-value pair PronType=Default
[Line                   8]: Unknown attribute-value pair Degree=None
[Line                   17]: Unknown attribute-value pair Aspect=None
[Line                   27]: Unknown attribute-value pair Aspect=None
[Line                   29]: Unknown attribute-value pair Degree=None
[Line                   30]: Unknown attribute-value pair Aspect=None
[Line                   32]: Unknown attribute-value pair NumType=None
[Line                   32]: Unknown attribute-value pair VerbForm=None
[Line                   37]: Unknown attribute-value pair NumType=None
[Line                   37]: Unknown attribute-value pair VerbForm=None
[Line                   42]: Unknown attribute-value pair NumType=None
[Line                   42]: Unknown attribute-value pair VerbForm=None
[Line                   46]: Unknown attribute-value pair Aspect=Mod
[Line                   54]: Unknown attribute-value pair NumType=None
[Line                   54]: Unknown attribute-value pair VerbForm=None
[Line                   55]: Unknown attribute-value pair NumType=None
...suppressing further errors regarding Morpho
*** FAILED *** with 1336 errors
Morpho errors: 1336


******************

python /home/ginter/UD/tools/validate.py --lang hu /home/ginter/UD/UD_Hungarian/hu-ud-test.conllu

[Line                   2]: Unknown attribute-value pair Degree=None
[Line                   2]: Unknown attribute-value pair PronType=Default
[Line                   3]: Unknown attribute-value pair Degree=None
[Line                   12]: Unknown attribute-value pair Aspect=None
[Line                   16]: Unknown attribute-value pair Degree=None
[Line                   21]: Unknown attribute-value pair Aspect=None
[Line                   26]: Unknown attribute-value pair Degree=None
[Line                   26]: Unknown attribute-value pair PronType=Default
[Line                   30]: Unknown attribute-value pair Aspect=None
[Line                   35]: Unknown attribute-value pair NumType=None
[Line                   35]: Unknown attribute-value pair VerbForm=None
[Line                   37]: Unknown attribute-value pair Aspect=None
[Line                   44]: Unknown attribute-value pair Degree=None
[Line                   47]: Unknown attribute-value pair Aspect=None
[Line                   55]: Unknown attribute-value pair Aspect=None
[Line                   59]: Unknown attribute-value pair Aspect=None
[Line                   63]: Unknown attribute-value pair NumType=None
[Line                   63]: Unknown attribute-value pair VerbForm=None
[Line                   70]: Unknown attribute-value pair Degree=None
...suppressing further errors regarding Morpho
*** FAILED *** with 1185 errors
Morpho errors: 1185


******************

python /home/ginter/UD/tools/validate.py --lang hu /home/ginter/UD/UD_Hungarian/hu-ud-train.conllu

[Line                   5]: Unknown attribute-value pair Degree=None
[Line                   5]: Unknown attribute-value pair PronType=Default
[Line                   6]: Unknown attribute-value pair Degree=None
[Line                   6]: Unknown attribute-value pair PronType=Default
[Line                   7]: Unknown attribute-value pair Aspect=None
[Line                   8]: Unknown attribute-value pair Aspect=None
[Line                   8]: Unknown attribute-value pair Mood=N
[Line                   12]: Unknown attribute-value pair Degree=None
[Line                   16]: Unknown attribute-value pair Degree=None
[Line                   16]: Unknown attribute-value pair PronType=Default
[Line                   23]: Unknown attribute-value pair NumType=None
[Line                   23]: Unknown attribute-value pair VerbForm=None
[Line                   24]: Unknown attribute-value pair NumType=None
[Line                   24]: Unknown attribute-value pair VerbForm=None
[Line                   26]: Unknown attribute-value pair Degree=None
[Line                   28]: Unknown attribute-value pair NumType=None
[Line                   28]: Unknown attribute-value pair VerbForm=None
[Line                   30]: Unknown attribute-value pair Aspect=None
[Line                   31]: Unknown attribute-value pair Aspect=None
...suppressing further errors regarding Morpho
*** FAILED *** with 9636 errors
Morpho errors: 9636


******************


</pre>
</div>
<div>
<span class="doublewidespan" style="padding-left:3em">Indonesian</span>
<span class="widespan">id</span>
<span class="validationpass">PASS</span>
</div>
<div>
<pre>
python /home/ginter/UD/tools/validate.py --lang id /home/ginter/UD/UD_Indonesian/id-ud-dev.conllu

*** PASSED ***


******************

python /home/ginter/UD/tools/validate.py --lang id /home/ginter/UD/UD_Indonesian/id-ud-test.conllu

*** PASSED ***


******************

python /home/ginter/UD/tools/validate.py --lang id /home/ginter/UD/UD_Indonesian/id-ud-train.conllu

*** PASSED ***


******************


</pre>
</div>
<div>
<span class="doublewidespan" style="padding-left:3em">Irish</span>
<span class="widespan">ga</span>
<span class="validationpass">PASS</span>
</div>
<div>
<pre>
python /home/ginter/UD/tools/validate.py --lang ga /home/ginter/UD/UD_Irish/ga-ud-dev.conllu

*** PASSED ***


******************

python /home/ginter/UD/tools/validate.py --lang ga /home/ginter/UD/UD_Irish/ga-ud-test.conllu

*** PASSED ***


******************

python /home/ginter/UD/tools/validate.py --lang ga /home/ginter/UD/UD_Irish/ga-ud-train.conllu

*** PASSED ***


******************


</pre>
</div>
<div>
<span class="doublewidespan" style="padding-left:3em">Italian</span>
<span class="widespan">it</span>
<span class="validationpass">PASS</span>
</div>
<div>
<pre>
python /home/ginter/UD/tools/validate.py --lang it /home/ginter/UD/UD_Italian/it-ud-dev.conllu

*** PASSED ***


******************

python /home/ginter/UD/tools/validate.py --lang it /home/ginter/UD/UD_Italian/it-ud-test.conllu

*** PASSED ***


******************

python /home/ginter/UD/tools/validate.py --lang it /home/ginter/UD/UD_Italian/it-ud-train.conllu

*** PASSED ***


******************


</pre>
</div>
<div>
<span class="doublewidespan" style="padding-left:3em">Japanese</span>
<span class="widespan">ja</span>
<span class="validationfail">NO DATA</span>
</div>
<div>
<pre>
No data
</pre>
</div>
<div>
<span class="doublewidespan" style="padding-left:3em">Kazakh</span>
<span class="widespan">kk</span>
<span class="validationfail">NO DATA</span>
</div>
<div>
<pre>
No data
</pre>
</div>
<div>
<span class="doublewidespan" style="padding-left:3em">Latin</span>
<span class="widespan">la</span>
<span class="validationpass">PASS</span>
</div>
<div>
<pre>
python /home/ginter/UD/tools/validate.py --lang la /home/ginter/UD/UD_Latin/la-ud-dev.conllu

*** PASSED ***


******************

python /home/ginter/UD/tools/validate.py --lang la /home/ginter/UD/UD_Latin/la-ud-test.conllu

*** PASSED ***


******************

python /home/ginter/UD/tools/validate.py --lang la /home/ginter/UD/UD_Latin/la-ud-train.conllu

*** PASSED ***


******************


</pre>
</div>
<div>
<span class="doublewidespan" style="padding-left:3em">Latin-ITT</span>
<span class="widespan">la itt</span>
<span class="validationpass">PASS</span>
</div>
<div>
<pre>
python /home/ginter/UD/tools/validate.py --lang la_itt /home/ginter/UD/UD_Latin-ITT/la_itt-ud-dev.conllu

*** PASSED ***


******************

python /home/ginter/UD/tools/validate.py --lang la_itt /home/ginter/UD/UD_Latin-ITT/la_itt-ud-test.conllu

*** PASSED ***


******************

python /home/ginter/UD/tools/validate.py --lang la_itt /home/ginter/UD/UD_Latin-ITT/la_itt-ud-train.conllu

*** PASSED ***


******************


</pre>
</div>
<div>
<span class="doublewidespan" style="padding-left:3em">Latin-PROIEL</span>
<span class="widespan">la proiel</span>
<span class="validationpass">PASS</span>
</div>
<div>
<pre>
python /home/ginter/UD/tools/validate.py --lang la_proiel /home/ginter/UD/UD_Latin-PROIEL/la_proiel-ud-dev.conllu

*** PASSED ***


******************

python /home/ginter/UD/tools/validate.py --lang la_proiel /home/ginter/UD/UD_Latin-PROIEL/la_proiel-ud-test.conllu

*** PASSED ***


******************

python /home/ginter/UD/tools/validate.py --lang la_proiel /home/ginter/UD/UD_Latin-PROIEL/la_proiel-ud-train.conllu

*** PASSED ***


******************


</pre>
</div>
<div>
<span class="doublewidespan" style="padding-left:3em">Norwegian</span>
<span class="widespan">no</span>
<span class="validationpass">PASS</span>
</div>
<div>
<pre>
python /home/ginter/UD/tools/validate.py --lang no /home/ginter/UD/UD_Norwegian/no-ud-dev.conllu

*** PASSED ***


******************

python /home/ginter/UD/tools/validate.py --lang no /home/ginter/UD/UD_Norwegian/no-ud-test.conllu

*** PASSED ***


******************

python /home/ginter/UD/tools/validate.py --lang no /home/ginter/UD/UD_Norwegian/no-ud-train.conllu

*** PASSED ***


******************


</pre>
</div>
<div>
<span class="doublewidespan" style="padding-left:3em">Old Church Slavonic</span>
<span class="widespan">cu</span>
<span class="validationpass">PASS</span>
</div>
<div>
<pre>
python /home/ginter/UD/tools/validate.py --lang cu /home/ginter/UD/UD_Old_Church_Slavonic/cu-ud-dev.conllu

*** PASSED ***


******************

python /home/ginter/UD/tools/validate.py --lang cu /home/ginter/UD/UD_Old_Church_Slavonic/cu-ud-test.conllu

*** PASSED ***


******************

python /home/ginter/UD/tools/validate.py --lang cu /home/ginter/UD/UD_Old_Church_Slavonic/cu-ud-train.conllu

*** PASSED ***


******************


</pre>
</div>
<div>
<span class="doublewidespan" style="padding-left:3em">Persian</span>
<span class="widespan">fa</span>
<span class="validationpass">PASS</span>
</div>
<div>
<pre>
python /home/ginter/UD/tools/validate.py --lang fa /home/ginter/UD/UD_Persian/fa-ud-dev.conllu

*** PASSED ***


******************

python /home/ginter/UD/tools/validate.py --lang fa /home/ginter/UD/UD_Persian/fa-ud-test.conllu

*** PASSED ***


******************

python /home/ginter/UD/tools/validate.py --lang fa /home/ginter/UD/UD_Persian/fa-ud-train.conllu

*** PASSED ***


******************


</pre>
</div>
<div>
<span class="doublewidespan" style="padding-left:3em">Polish</span>
<span class="widespan">pl</span>
<span class="validationpass">PASS</span>
</div>
<div>
<pre>
python /home/ginter/UD/tools/validate.py --lang pl /home/ginter/UD/UD_Polish/pl-ud-dev.conllu

*** PASSED ***


******************

python /home/ginter/UD/tools/validate.py --lang pl /home/ginter/UD/UD_Polish/pl-ud-test.conllu

*** PASSED ***


******************

python /home/ginter/UD/tools/validate.py --lang pl /home/ginter/UD/UD_Polish/pl-ud-train.conllu

*** PASSED ***


******************


</pre>
</div>
<div>
<span class="doublewidespan" style="padding-left:3em">Portuguese</span>
<span class="widespan">pt</span>
<span class="validationpass">PASS</span>
</div>
<div>
<pre>
python /home/ginter/UD/tools/validate.py --lang pt /home/ginter/UD/UD_Portuguese/pt-ud-dev.conllu

*** PASSED ***


******************

python /home/ginter/UD/tools/validate.py --lang pt /home/ginter/UD/UD_Portuguese/pt-ud-test.conllu

*** PASSED ***


******************

python /home/ginter/UD/tools/validate.py --lang pt /home/ginter/UD/UD_Portuguese/pt-ud-train.conllu

*** PASSED ***


******************


</pre>
</div>
<div>
<span class="doublewidespan" style="padding-left:3em">Romanian</span>
<span class="widespan">ro</span>
<span class="validationfail">NO DATA</span>
</div>
<div>
<pre>
No data
</pre>
</div>
<div>
<span class="doublewidespan" style="padding-left:3em">Slovenian</span>
<span class="widespan">sl</span>
<span class="validationpass">PASS</span>
</div>
<div>
<pre>
python /home/ginter/UD/tools/validate.py --lang sl /home/ginter/UD/UD_Slovenian/sl-ud-dev.conllu

*** PASSED ***


******************

python /home/ginter/UD/tools/validate.py --lang sl /home/ginter/UD/UD_Slovenian/sl-ud-test.conllu

*** PASSED ***


******************

python /home/ginter/UD/tools/validate.py --lang sl /home/ginter/UD/UD_Slovenian/sl-ud-train.conllu

*** PASSED ***


******************


</pre>
</div>
<div>
<span class="doublewidespan" style="padding-left:3em">Spanish</span>
<span class="widespan">es</span>
<span class="validationpass">PASS</span>
</div>
<div>
<pre>
python /home/ginter/UD/tools/validate.py --lang es /home/ginter/UD/UD_Spanish/es-ud-dev.conllu

*** PASSED ***


******************

python /home/ginter/UD/tools/validate.py --lang es /home/ginter/UD/UD_Spanish/es-ud-test.conllu

*** PASSED ***


******************

python /home/ginter/UD/tools/validate.py --lang es /home/ginter/UD/UD_Spanish/es-ud-train.conllu

*** PASSED ***


******************


</pre>
</div>
<div>
<span class="doublewidespan" style="padding-left:3em">Swedish</span>
<span class="widespan">sv</span>
<span class="validationpass">PASS</span>
</div>
<div>
<pre>
python /home/ginter/UD/tools/validate.py --lang sv /home/ginter/UD/UD_Swedish/sv-ud-dev.conllu

*** PASSED ***


******************

python /home/ginter/UD/tools/validate.py --lang sv /home/ginter/UD/UD_Swedish/sv-ud-test.conllu

*** PASSED ***


******************

python /home/ginter/UD/tools/validate.py --lang sv /home/ginter/UD/UD_Swedish/sv-ud-train.conllu

*** PASSED ***


******************


</pre>
</div>
<div>
<span class="doublewidespan" style="padding-left:3em">Tamil</span>
<span class="widespan">ta</span>
<span class="validationpass">PASS</span>
</div>
<div>
<pre>
python /home/ginter/UD/tools/validate.py --lang ta /home/ginter/UD/UD_Tamil/ta-ud-dev.conllu

*** PASSED ***


******************

python /home/ginter/UD/tools/validate.py --lang ta /home/ginter/UD/UD_Tamil/ta-ud-test.conllu

*** PASSED ***


******************

python /home/ginter/UD/tools/validate.py --lang ta /home/ginter/UD/UD_Tamil/ta-ud-train.conllu

*** PASSED ***


******************


</pre>
</div>


</div>



      </div>

<!-- support for embedded visualizations -->
<script type="text/javascript">
    var root = ''; // filled in by jekyll
    head.js(
        // External libraries
        root + 'lib/ext/jquery.min.js',
        root + 'lib/ext/jquery.svg.min.js',
        root + 'lib/ext/jquery.svgdom.min.js',
        root + 'lib/ext/jquery-ui.min.js',
        root + 'lib/ext/waypoints.min.js',
        root + 'lib/ext/jquery.address.min.js',

        // brat helper modules
        root + 'lib/brat/configuration.js',
        root + 'lib/brat/util.js',
        root + 'lib/brat/annotation_log.js',
        root + 'lib/ext/webfont.js',
        // brat modules
        root + 'lib/brat/dispatcher.js',
        root + 'lib/brat/url_monitor.js',
        root + 'lib/brat/visualizer.js',

        // embedding configuration
        root + 'lib/local/config.js',
        // project-specific collection data
        root + 'lib/local/collections.js',

        // NOTE: non-local libraries
        'https://spyysalo.github.io/annodoc/lib/local/annodoc.js',
        'https://spyysalo.github.io/conllu.js/conllu.js'
    );

    var webFontURLs = [
//        root + 'static/fonts/Astloch-Bold.ttf',
        root + 'static/fonts/PT_Sans-Caption-Web-Regular.ttf',
        root + 'static/fonts/Liberation_Sans-Regular.ttf'
    ];

    var setupAccordions = function() {
        // standard jQuery UI "accordion" element initialization
	$(".jquery-ui-accordion").accordion({
	    collapsible: true,
	    active: false
	});
    };

    var setupTabs = function() {
        // standard jQuery UI "tabs" element initialization
        $(".jquery-ui-tabs").tabs({ heightStyle: "auto" });

        // use jQuery address to preserve tab state
        // (see https://github.com/UniversalDependencies/docs/issues/65,
        // http://stackoverflow.com/a/3330919)
        if ($(".jquery-ui-tabs").length > 0) {
            $.address.change(function(event){
	        $(".jquery-ui-tabs").tabs("select", window.location.hash)
	    });
	    $(".jquery-ui-tabs").bind("tabsselect", function(event, ui) { 
	        window.location.hash = ui.tab.hash;
	    });
        }
    };

    head.ready(function() {
        // set up UI tabs on page
        setupTabs();
        setupAccordions();

        // mark current collection (filled in by Jekyll)
        Collections.listing['_current'] = '';

	// perform all embedding and support functions
	Annodoc.activate(Config.bratCollData, Collections.listing);
    });
</script>


<!-- google analytics -->
<script>
  (function(i,s,o,g,r,a,m){i['GoogleAnalyticsObject']=r;i[r]=i[r]||function(){
  (i[r].q=i[r].q||[]).push(arguments)},i[r].l=1*new Date();a=s.createElement(o),
  m=s.getElementsByTagName(o)[0];a.async=1;a.src=g;m.parentNode.insertBefore(a,m)
  })(window,document,'script','//www.google-analytics.com/analytics.js','ga');

  ga('create', 'UA-55233688-1', 'auto');
  ga('send', 'pageview');

</script>


      <div id="footer">
	  <p class="footer-text">&copy; 2014 
	    <a href="http://universaldependencies.github.io/docs/introduction.html#contributors" style="color:gray">Universal Dependencies contributors</a>. 
	    Site powered by <a href="http://spyysalo.github.io/annodoc" style="color:gray">Annodoc</a> and <a href="http://brat.nlplab.org/" style="color:gray">brat</a></p>.
      </div>
    </div>
  </body>
</html>
